0 info it worked if it ends with ok
1 verbose cli [ 'C:\\Program Files\\nodejs\\node.exe',
1 verbose cli   'C:\\Program Files\\nodejs\\node_modules\\npm\\bin\\npm-cli.js',
1 verbose cli   'install' ]
2 info using npm@2.14.3
3 info using node@v4.1.0
4 verbose readDependencies loading dependencies from C:\Users\Zteve\git\JsBreakout\PinBall\package.json
5 warn package.json breakout@1.0.0 No repository field.
6 warn package.json breakout@1.0.0 No README data
7 verbose install where, deps [ 'C:\\Users\\Zteve\\git\\JsBreakout\\PinBall',
7 verbose install   [ 'grunt',
7 verbose install     'grunt-contrib-jshint',
7 verbose install     'grunt-contrib-nodeunit',
7 verbose install     'grunt-contrib-uglify',
7 verbose install     'grunt-include-source',
7 verbose install     'grunt-karma',
7 verbose install     'karma-jasmine',
7 verbose install     'karma-firefox-launcher',
7 verbose install     'karma-phantomjs-launcher' ] ]
8 verbose install where, peers [ 'C:\\Users\\Zteve\\git\\JsBreakout\\PinBall', [] ]
9 verbose installManyTop reading for lifecycle C:\Users\Zteve\git\JsBreakout\PinBall\package.json
10 info preinstall breakout@1.0.0
11 verbose installManyTop reading scoped package data from C:\Users\Zteve\git\JsBreakout\PinBall\node_modules\grunt\package.json
12 verbose installManyTop reading scoped package data from C:\Users\Zteve\git\JsBreakout\PinBall\node_modules\grunt-contrib-jshint\package.json
13 verbose installManyTop reading scoped package data from C:\Users\Zteve\git\JsBreakout\PinBall\node_modules\grunt-contrib-nodeunit\package.json
14 verbose installManyTop reading scoped package data from C:\Users\Zteve\git\JsBreakout\PinBall\node_modules\grunt-contrib-uglify\package.json
15 verbose installManyTop reading scoped package data from C:\Users\Zteve\git\JsBreakout\PinBall\node_modules\grunt-include-source\package.json
16 verbose installManyTop reading scoped package data from C:\Users\Zteve\git\JsBreakout\PinBall\node_modules\grunt-karma\package.json
17 verbose installManyTop reading scoped package data from C:\Users\Zteve\git\JsBreakout\PinBall\node_modules\jasmine\package.json
18 verbose installManyTop reading scoped package data from C:\Users\Zteve\git\JsBreakout\PinBall\node_modules\karma\package.json
19 verbose installManyTop reading scoped package data from C:\Users\Zteve\git\JsBreakout\PinBall\node_modules\karma-firefox-launcher\package.json
20 verbose installManyTop reading scoped package data from C:\Users\Zteve\git\JsBreakout\PinBall\node_modules\karma-phantomjs-launcher\package.json
21 verbose installManyTop reading scoped package data from C:\Users\Zteve\git\JsBreakout\PinBall\node_modules\phantomjs\package.json
22 info package.json grunt@0.4.5 No license field.
23 info package.json grunt-include-source@0.7.0 No license field.
24 info package.json grunt-contrib-nodeunit@0.4.1 No license field.
25 info package.json grunt-contrib-uglify@0.5.1 No license field.
26 info package.json grunt-contrib-jshint@0.10.0 No license field.
27 verbose readDependencies loading dependencies from C:\Users\Zteve\git\JsBreakout\PinBall\package.json
28 verbose targetResolver reading package data from C:\Users\Zteve\git\JsBreakout\PinBall\node_modules\grunt\package.json
29 verbose targetResolver reading package data from C:\Users\Zteve\git\JsBreakout\PinBall\node_modules\grunt-contrib-jshint\package.json
30 verbose targetResolver reading package data from C:\Users\Zteve\git\JsBreakout\PinBall\node_modules\grunt-contrib-nodeunit\package.json
31 verbose targetResolver reading package data from C:\Users\Zteve\git\JsBreakout\PinBall\node_modules\grunt-contrib-uglify\package.json
32 verbose targetResolver reading package data from C:\Users\Zteve\git\JsBreakout\PinBall\node_modules\grunt-include-source\package.json
33 verbose targetResolver reading package data from C:\Users\Zteve\git\JsBreakout\PinBall\node_modules\grunt-karma\package.json
34 verbose targetResolver reading package data from C:\Users\Zteve\git\JsBreakout\PinBall\node_modules\jasmine\package.json
35 verbose targetResolver reading package data from C:\Users\Zteve\git\JsBreakout\PinBall\node_modules\karma\package.json
36 verbose targetResolver reading package data from C:\Users\Zteve\git\JsBreakout\PinBall\node_modules\karma-firefox-launcher\package.json
37 verbose targetResolver reading package data from C:\Users\Zteve\git\JsBreakout\PinBall\node_modules\karma-phantomjs-launcher\package.json
38 verbose targetResolver reading package data from C:\Users\Zteve\git\JsBreakout\PinBall\node_modules\phantomjs\package.json
39 verbose targetResolver reading package data from C:\Users\Zteve\git\JsBreakout\PinBall\node_modules\.bin\jasmine\package.json
40 verbose targetResolver reading package data from C:\Users\Zteve\git\JsBreakout\PinBall\node_modules\.bin\jasmine.cmd\package.json
41 verbose targetResolver reading package data from C:\Users\Zteve\git\JsBreakout\PinBall\node_modules\.bin\karma\package.json
42 verbose targetResolver reading package data from C:\Users\Zteve\git\JsBreakout\PinBall\node_modules\.bin\karma.cmd\package.json
43 verbose targetResolver reading package data from C:\Users\Zteve\git\JsBreakout\PinBall\node_modules\.bin\phantomjs\package.json
44 verbose targetResolver reading package data from C:\Users\Zteve\git\JsBreakout\PinBall\node_modules\.bin\phantomjs.cmd\package.json
45 verbose already installed skipping grunt@~0.4.5 C:\Users\Zteve\git\JsBreakout\PinBall
46 verbose already installed skipping grunt-contrib-jshint@~0.10.0 C:\Users\Zteve\git\JsBreakout\PinBall
47 verbose already installed skipping grunt-contrib-nodeunit@~0.4.1 C:\Users\Zteve\git\JsBreakout\PinBall
48 verbose already installed skipping grunt-contrib-uglify@~0.5.0 C:\Users\Zteve\git\JsBreakout\PinBall
49 silly cache add args [ 'grunt-include-source@latest', null ]
50 verbose cache add spec grunt-include-source@latest
51 silly cache add args [ 'grunt-karma@latest', null ]
52 verbose cache add spec grunt-karma@latest
53 silly cache add parsed spec Result {
53 silly cache add   raw: 'grunt-include-source@latest',
53 silly cache add   scope: null,
53 silly cache add   name: 'grunt-include-source',
53 silly cache add   rawSpec: 'latest',
53 silly cache add   spec: 'latest',
53 silly cache add   type: 'tag' }
54 silly addNamed grunt-include-source@latest
55 verbose addNamed "latest" is being treated as a dist-tag for grunt-include-source
56 info addNameTag [ 'grunt-include-source', 'latest' ]
57 silly mapToRegistry name grunt-include-source
58 silly mapToRegistry using default registry
59 silly mapToRegistry registry https://registry.npmjs.org/
60 silly mapToRegistry uri https://registry.npmjs.org/grunt-include-source
61 verbose addNameTag registry:https://registry.npmjs.org/grunt-include-source not in flight; fetching
62 silly cache add args [ 'karma-jasmine@latest', null ]
63 verbose cache add spec karma-jasmine@latest
64 silly cache add args [ 'karma-firefox-launcher@latest', null ]
65 verbose cache add spec karma-firefox-launcher@latest
66 silly cache add parsed spec Result {
66 silly cache add   raw: 'grunt-karma@latest',
66 silly cache add   scope: null,
66 silly cache add   name: 'grunt-karma',
66 silly cache add   rawSpec: 'latest',
66 silly cache add   spec: 'latest',
66 silly cache add   type: 'tag' }
67 silly addNamed grunt-karma@latest
68 verbose addNamed "latest" is being treated as a dist-tag for grunt-karma
69 info addNameTag [ 'grunt-karma', 'latest' ]
70 silly mapToRegistry name grunt-karma
71 silly mapToRegistry using default registry
72 silly mapToRegistry registry https://registry.npmjs.org/
73 silly mapToRegistry uri https://registry.npmjs.org/grunt-karma
74 verbose addNameTag registry:https://registry.npmjs.org/grunt-karma not in flight; fetching
75 silly cache add parsed spec Result {
75 silly cache add   raw: 'karma-jasmine@latest',
75 silly cache add   scope: null,
75 silly cache add   name: 'karma-jasmine',
75 silly cache add   rawSpec: 'latest',
75 silly cache add   spec: 'latest',
75 silly cache add   type: 'tag' }
76 silly addNamed karma-jasmine@latest
77 verbose addNamed "latest" is being treated as a dist-tag for karma-jasmine
78 info addNameTag [ 'karma-jasmine', 'latest' ]
79 silly mapToRegistry name karma-jasmine
80 silly mapToRegistry using default registry
81 silly mapToRegistry registry https://registry.npmjs.org/
82 silly mapToRegistry uri https://registry.npmjs.org/karma-jasmine
83 verbose addNameTag registry:https://registry.npmjs.org/karma-jasmine not in flight; fetching
84 silly cache add args [ 'karma-phantomjs-launcher@latest', null ]
85 verbose cache add spec karma-phantomjs-launcher@latest
86 silly cache add parsed spec Result {
86 silly cache add   raw: 'karma-firefox-launcher@latest',
86 silly cache add   scope: null,
86 silly cache add   name: 'karma-firefox-launcher',
86 silly cache add   rawSpec: 'latest',
86 silly cache add   spec: 'latest',
86 silly cache add   type: 'tag' }
87 silly addNamed karma-firefox-launcher@latest
88 verbose addNamed "latest" is being treated as a dist-tag for karma-firefox-launcher
89 info addNameTag [ 'karma-firefox-launcher', 'latest' ]
90 silly mapToRegistry name karma-firefox-launcher
91 silly mapToRegistry using default registry
92 silly mapToRegistry registry https://registry.npmjs.org/
93 silly mapToRegistry uri https://registry.npmjs.org/karma-firefox-launcher
94 verbose addNameTag registry:https://registry.npmjs.org/karma-firefox-launcher not in flight; fetching
95 verbose request uri https://registry.npmjs.org/karma-jasmine
96 verbose request no auth needed
97 info attempt registry request try #1 at 19:05:51
98 verbose request id 46251cd4f99a1e81
99 http request GET https://registry.npmjs.org/karma-jasmine
100 silly cache add parsed spec Result {
100 silly cache add   raw: 'karma-phantomjs-launcher@latest',
100 silly cache add   scope: null,
100 silly cache add   name: 'karma-phantomjs-launcher',
100 silly cache add   rawSpec: 'latest',
100 silly cache add   spec: 'latest',
100 silly cache add   type: 'tag' }
101 silly addNamed karma-phantomjs-launcher@latest
102 verbose addNamed "latest" is being treated as a dist-tag for karma-phantomjs-launcher
103 info addNameTag [ 'karma-phantomjs-launcher', 'latest' ]
104 silly mapToRegistry name karma-phantomjs-launcher
105 silly mapToRegistry using default registry
106 silly mapToRegistry registry https://registry.npmjs.org/
107 silly mapToRegistry uri https://registry.npmjs.org/karma-phantomjs-launcher
108 verbose addNameTag registry:https://registry.npmjs.org/karma-phantomjs-launcher not in flight; fetching
109 verbose request uri https://registry.npmjs.org/grunt-include-source
110 verbose request no auth needed
111 info attempt registry request try #1 at 19:05:51
112 verbose etag "QCIW704M2BTLTHJB8WMJNZVB"
113 http request GET https://registry.npmjs.org/grunt-include-source
114 verbose request uri https://registry.npmjs.org/grunt-karma
115 verbose request no auth needed
116 info attempt registry request try #1 at 19:05:51
117 verbose etag "7AKPWOQVESZZV8WJ80E9YO91X"
118 http request GET https://registry.npmjs.org/grunt-karma
119 verbose request uri https://registry.npmjs.org/karma-firefox-launcher
120 verbose request no auth needed
121 info attempt registry request try #1 at 19:05:51
122 verbose etag "8RL0AE5NRFET2HXZA22LKQZZ6"
123 http request GET https://registry.npmjs.org/karma-firefox-launcher
124 verbose request uri https://registry.npmjs.org/karma-phantomjs-launcher
125 verbose request no auth needed
126 info attempt registry request try #1 at 19:05:51
127 verbose etag "EEMNQ435DUKQM829ZBH7CAQUL"
128 http request GET https://registry.npmjs.org/karma-phantomjs-launcher
129 http 304 https://registry.npmjs.org/karma-phantomjs-launcher
130 silly get cb [ 304,
130 silly get   { date: 'Sat, 17 Oct 2015 17:06:00 GMT',
130 silly get     via: '1.1 varnish',
130 silly get     'cache-control': 'max-age=60',
130 silly get     etag: '"EEMNQ435DUKQM829ZBH7CAQUL"',
130 silly get     age: '28',
130 silly get     connection: 'keep-alive',
130 silly get     'x-served-by': 'cache-fra1220-FRA',
130 silly get     'x-cache': 'HIT',
130 silly get     'x-cache-hits': '1',
130 silly get     'x-timer': 'S1445101560.751681,VS0,VE0',
130 silly get     vary: 'Accept' } ]
131 verbose etag https://registry.npmjs.org/karma-phantomjs-launcher from cache
132 verbose get saving karma-phantomjs-launcher to C:\Users\Zteve\AppData\Roaming\npm-cache\registry.npmjs.org\karma-phantomjs-launcher\.cache.json
133 silly addNameTag next cb for karma-phantomjs-launcher with tag latest
134 silly addNamed karma-phantomjs-launcher@0.2.1
135 verbose addNamed "0.2.1" is a plain semver version for karma-phantomjs-launcher
136 silly cache afterAdd karma-phantomjs-launcher@0.2.1
137 verbose afterAdd C:\Users\Zteve\AppData\Roaming\npm-cache\karma-phantomjs-launcher\0.2.1\package\package.json not in flight; writing
138 verbose afterAdd C:\Users\Zteve\AppData\Roaming\npm-cache\karma-phantomjs-launcher\0.2.1\package\package.json written
139 info already installed karma-phantomjs-launcher@0.2.1
140 http 200 https://registry.npmjs.org/karma-jasmine
141 silly get cb [ 200,
141 silly get   { server: 'CouchDB/1.5.0 (Erlang OTP/R16B03)',
141 silly get     etag: '"N3U0Y5TZ8EAAGMTKGI6QJ5OY"',
141 silly get     'content-type': 'application/json',
141 silly get     'cache-control': 'max-age=60',
141 silly get     'content-length': '35120',
141 silly get     'accept-ranges': 'bytes',
141 silly get     date: 'Sat, 17 Oct 2015 17:06:01 GMT',
141 silly get     via: '1.1 varnish',
141 silly get     age: '0',
141 silly get     connection: 'keep-alive',
141 silly get     'x-served-by': 'cache-fra1230-FRA',
141 silly get     'x-cache': 'HIT',
141 silly get     'x-cache-hits': '1',
141 silly get     'x-timer': 'S1445101560.744115,VS0,VE433',
141 silly get     vary: 'Accept' } ]
142 verbose get saving karma-jasmine to C:\Users\Zteve\AppData\Roaming\npm-cache\registry.npmjs.org\karma-jasmine\.cache.json
143 silly addNameTag next cb for karma-jasmine with tag latest
144 silly addNamed karma-jasmine@0.3.6
145 verbose addNamed "0.3.6" is a plain semver version for karma-jasmine
146 silly mapToRegistry name karma-jasmine
147 silly mapToRegistry using default registry
148 silly mapToRegistry registry https://registry.npmjs.org/
149 silly mapToRegistry uri https://registry.npmjs.org/karma-jasmine
150 verbose addRemoteTarball https://registry.npmjs.org/karma-jasmine/-/karma-jasmine-0.3.6.tgz not in flight; adding
151 verbose addRemoteTarball [ 'https://registry.npmjs.org/karma-jasmine/-/karma-jasmine-0.3.6.tgz',
151 verbose addRemoteTarball   'ddcc34413ac0405aa34ce29ff472e957420b857a' ]
152 info retry fetch attempt 1 at 19:05:52
153 info attempt registry request try #1 at 19:05:52
154 http fetch GET https://registry.npmjs.org/karma-jasmine/-/karma-jasmine-0.3.6.tgz
155 http fetch 200 https://registry.npmjs.org/karma-jasmine/-/karma-jasmine-0.3.6.tgz
156 silly fetchAndShaCheck shasum ddcc34413ac0405aa34ce29ff472e957420b857a
157 verbose addTmpTarball C:\Users\Zteve\AppData\Local\Temp\npm-3588-f9b84d99\registry.npmjs.org\karma-jasmine\-\karma-jasmine-0.3.6.tgz not in flight; adding
158 verbose addTmpTarball already have metadata; skipping unpack for karma-jasmine@0.3.6
159 silly cache afterAdd karma-jasmine@0.3.6
160 verbose afterAdd C:\Users\Zteve\AppData\Roaming\npm-cache\karma-jasmine\0.3.6\package\package.json not in flight; writing
161 verbose afterAdd C:\Users\Zteve\AppData\Roaming\npm-cache\karma-jasmine\0.3.6\package\package.json written
162 http 304 https://registry.npmjs.org/grunt-karma
163 silly get cb [ 304,
163 silly get   { date: 'Sat, 17 Oct 2015 17:06:01 GMT',
163 silly get     via: '1.1 varnish',
163 silly get     'cache-control': 'max-age=60',
163 silly get     etag: '"7AKPWOQVESZZV8WJ80E9YO91X"',
163 silly get     age: '6',
163 silly get     connection: 'keep-alive',
163 silly get     'x-served-by': 'cache-fra1228-FRA',
163 silly get     'x-cache': 'HIT',
163 silly get     'x-cache-hits': '1',
163 silly get     'x-timer': 'S1445101561.713286,VS0,VE1',
163 silly get     vary: 'Accept' } ]
164 verbose etag https://registry.npmjs.org/grunt-karma from cache
165 verbose get saving grunt-karma to C:\Users\Zteve\AppData\Roaming\npm-cache\registry.npmjs.org\grunt-karma\.cache.json
166 silly addNameTag next cb for grunt-karma with tag latest
167 silly addNamed grunt-karma@0.12.1
168 verbose addNamed "0.12.1" is a plain semver version for grunt-karma
169 http 304 https://registry.npmjs.org/karma-firefox-launcher
170 silly get cb [ 304,
170 silly get   { date: 'Sat, 17 Oct 2015 17:06:01 GMT',
170 silly get     via: '1.1 varnish',
170 silly get     'cache-control': 'max-age=60',
170 silly get     etag: '"8RL0AE5NRFET2HXZA22LKQZZ6"',
170 silly get     age: '50',
170 silly get     connection: 'keep-alive',
170 silly get     'x-served-by': 'cache-fra1220-FRA',
170 silly get     'x-cache': 'HIT',
170 silly get     'x-cache-hits': '1',
170 silly get     'x-timer': 'S1445101561.717734,VS0,VE0',
170 silly get     vary: 'Accept' } ]
171 verbose etag https://registry.npmjs.org/karma-firefox-launcher from cache
172 verbose get saving karma-firefox-launcher to C:\Users\Zteve\AppData\Roaming\npm-cache\registry.npmjs.org\karma-firefox-launcher\.cache.json
173 silly cache afterAdd grunt-karma@0.12.1
174 verbose afterAdd C:\Users\Zteve\AppData\Roaming\npm-cache\grunt-karma\0.12.1\package\package.json not in flight; writing
175 silly addNameTag next cb for karma-firefox-launcher with tag latest
176 silly addNamed karma-firefox-launcher@0.1.6
177 verbose addNamed "0.1.6" is a plain semver version for karma-firefox-launcher
178 verbose afterAdd C:\Users\Zteve\AppData\Roaming\npm-cache\grunt-karma\0.12.1\package\package.json written
179 info already installed grunt-karma@0.12.1
180 silly cache afterAdd karma-firefox-launcher@0.1.6
181 verbose afterAdd C:\Users\Zteve\AppData\Roaming\npm-cache\karma-firefox-launcher\0.1.6\package\package.json not in flight; writing
182 verbose afterAdd C:\Users\Zteve\AppData\Roaming\npm-cache\karma-firefox-launcher\0.1.6\package\package.json written
183 info already installed karma-firefox-launcher@0.1.6
184 http 304 https://registry.npmjs.org/grunt-include-source
185 silly get cb [ 304,
185 silly get   { date: 'Sat, 17 Oct 2015 17:06:01 GMT',
185 silly get     via: '1.1 varnish',
185 silly get     'cache-control': 'max-age=60',
185 silly get     etag: '"QCIW704M2BTLTHJB8WMJNZVB"',
185 silly get     age: '0',
185 silly get     connection: 'keep-alive',
185 silly get     'x-served-by': 'cache-fra1233-FRA',
185 silly get     'x-cache': 'HIT',
185 silly get     'x-cache-hits': '1',
185 silly get     'x-timer': 'S1445101561.699031,VS0,VE108',
185 silly get     vary: 'Accept' } ]
186 verbose etag https://registry.npmjs.org/grunt-include-source from cache
187 verbose get saving grunt-include-source to C:\Users\Zteve\AppData\Roaming\npm-cache\registry.npmjs.org\grunt-include-source\.cache.json
188 silly addNameTag next cb for grunt-include-source with tag latest
189 silly addNamed grunt-include-source@0.7.0
190 verbose addNamed "0.7.0" is a plain semver version for grunt-include-source
191 silly cache afterAdd grunt-include-source@0.7.0
192 verbose afterAdd C:\Users\Zteve\AppData\Roaming\npm-cache\grunt-include-source\0.7.0\package\package.json not in flight; writing
193 verbose afterAdd C:\Users\Zteve\AppData\Roaming\npm-cache\grunt-include-source\0.7.0\package\package.json written
194 info already installed grunt-include-source@0.7.0
195 silly install resolved [ { name: 'karma-jasmine',
195 silly install resolved     version: '0.3.6',
195 silly install resolved     description: 'A Karma plugin - adapter for Jasmine testing framework.',
195 silly install resolved     main: 'lib/index.js',
195 silly install resolved     scripts: { test: 'grunt test' },
195 silly install resolved     repository:
195 silly install resolved      { type: 'git',
195 silly install resolved        url: 'git://github.com/karma-runner/karma-jasmine.git' },
195 silly install resolved     keywords: [ 'karma-plugin', 'karma-adapter', 'jasmine' ],
195 silly install resolved     author: { name: 'Vojta Jina', email: 'vojta.jina@gmail.com' },
195 silly install resolved     dependencies: {},
195 silly install resolved     devDependencies:
195 silly install resolved      { grunt: '~0.4.1',
195 silly install resolved        'grunt-contrib-jshint': '~0.6',
195 silly install resolved        karma: '',
195 silly install resolved        'karma-jasmine': '~0.1.0',
195 silly install resolved        'karma-chrome-launcher': '~0.1.0',
195 silly install resolved        'karma-firefox-launcher': '~0.1.0',
195 silly install resolved        'grunt-karma': '~0.8.0',
195 silly install resolved        'grunt-auto-release': '~0.0.2',
195 silly install resolved        'grunt-npm': '~0.0.2',
195 silly install resolved        'grunt-bump': '~0.0.7',
195 silly install resolved        'jasmine-core': '~2.1.0' },
195 silly install resolved     peerDependencies: { 'jasmine-core': '*' },
195 silly install resolved     license: 'MIT',
195 silly install resolved     contributors:
195 silly install resolved      [ [Object],
195 silly install resolved        [Object],
195 silly install resolved        [Object],
195 silly install resolved        [Object],
195 silly install resolved        [Object],
195 silly install resolved        [Object],
195 silly install resolved        [Object],
195 silly install resolved        [Object],
195 silly install resolved        [Object],
195 silly install resolved        [Object],
195 silly install resolved        [Object],
195 silly install resolved        [Object],
195 silly install resolved        [Object],
195 silly install resolved        [Object],
195 silly install resolved        [Object],
195 silly install resolved        [Object],
195 silly install resolved        [Object],
195 silly install resolved        [Object],
195 silly install resolved        [Object],
195 silly install resolved        [Object] ],
195 silly install resolved     gitHead: '76170f6cbc8902716fbac216b4bc1d681c8b39a2',
195 silly install resolved     bugs: { url: 'https://github.com/karma-runner/karma-jasmine/issues' },
195 silly install resolved     homepage: 'https://github.com/karma-runner/karma-jasmine#readme',
195 silly install resolved     _id: 'karma-jasmine@0.3.6',
195 silly install resolved     _shasum: 'ddcc34413ac0405aa34ce29ff472e957420b857a',
195 silly install resolved     _from: 'karma-jasmine@latest',
195 silly install resolved     _npmVersion: '2.9.0',
195 silly install resolved     _nodeVersion: '0.10.30',
195 silly install resolved     _npmUser: { name: 'zzo', email: 'mark@zzo.com' },
195 silly install resolved     dist:
195 silly install resolved      { shasum: 'ddcc34413ac0405aa34ce29ff472e957420b857a',
195 silly install resolved        tarball: 'http://registry.npmjs.org/karma-jasmine/-/karma-jasmine-0.3.6.tgz' },
195 silly install resolved     maintainers: [ [Object], [Object], [Object], [Object], [Object] ],
195 silly install resolved     directories: {},
195 silly install resolved     _resolved: 'https://registry.npmjs.org/karma-jasmine/-/karma-jasmine-0.3.6.tgz' } ]
196 info install karma-jasmine@0.3.6 into C:\Users\Zteve\git\JsBreakout\PinBall
197 info installOne karma-jasmine@0.3.6
198 verbose installOne of karma-jasmine to C:\Users\Zteve\git\JsBreakout\PinBall not in flight; installing
199 verbose lock using C:\Users\Zteve\AppData\Roaming\npm-cache\_locks\karma-jasmine-0351b971e6198bd2.lock for C:\Users\Zteve\git\JsBreakout\PinBall\node_modules\karma-jasmine
200 silly install write writing karma-jasmine 0.3.6 to C:\Users\Zteve\git\JsBreakout\PinBall\node_modules\karma-jasmine
201 verbose unbuild node_modules\karma-jasmine
202 silly gentlyRm C:\Users\Zteve\git\JsBreakout\PinBall\node_modules\karma-jasmine is being purged from base C:\Users\Zteve\git\JsBreakout\PinBall
203 verbose gentlyRm don't care about contents; nuking C:\Users\Zteve\git\JsBreakout\PinBall\node_modules\karma-jasmine
204 verbose tar unpack C:\Users\Zteve\AppData\Roaming\npm-cache\karma-jasmine\0.3.6\package.tgz
205 verbose tar unpacking to C:\Users\Zteve\git\JsBreakout\PinBall\node_modules\karma-jasmine
206 silly gentlyRm C:\Users\Zteve\git\JsBreakout\PinBall\node_modules\karma-jasmine is being purged
207 verbose gentlyRm don't care about contents; nuking C:\Users\Zteve\git\JsBreakout\PinBall\node_modules\karma-jasmine
208 silly gunzTarPerm modes [ '777', '666' ]
209 silly gunzTarPerm extractEntry package.json
210 silly gunzTarPerm modified mode [ 'package.json', 420, 438 ]
211 silly gunzTarPerm extractEntry README.md
212 silly gunzTarPerm modified mode [ 'README.md', 420, 438 ]
213 silly gunzTarPerm extractEntry LICENSE
214 silly gunzTarPerm modified mode [ 'LICENSE', 420, 438 ]
215 silly gunzTarPerm extractEntry integration-tests.sh
216 silly gunzTarPerm modified mode [ 'integration-tests.sh', 493, 511 ]
217 silly gunzTarPerm extractEntry lib/adapter.js
218 silly gunzTarPerm modified mode [ 'lib/adapter.js', 420, 438 ]
219 silly gunzTarPerm extractEntry lib/boot.js
220 silly gunzTarPerm modified mode [ 'lib/boot.js', 420, 438 ]
221 silly gunzTarPerm extractEntry lib/index.js
222 silly gunzTarPerm modified mode [ 'lib/index.js', 420, 438 ]
223 verbose write writing to C:\Users\Zteve\git\JsBreakout\PinBall\node_modules\karma-jasmine\package.json
224 info preinstall karma-jasmine@0.3.6
225 verbose readDependencies loading dependencies from C:\Users\Zteve\git\JsBreakout\PinBall\node_modules\karma-jasmine\package.json
226 silly prepareForInstallMany adding jasmine-core@* from karma-jasmine peerDependencies
227 warn peerDependencies The peer dependency jasmine-core@* included from karma-jasmine will no
228 warn peerDependencies longer be automatically installed to fulfill the peerDependency
229 warn peerDependencies in npm 3+. Your application will need to depend on it explicitly.
230 verbose readDependencies loading dependencies from C:\Users\Zteve\git\JsBreakout\PinBall\node_modules\karma-jasmine\package.json
231 silly install resolved []
232 verbose about to build C:\Users\Zteve\git\JsBreakout\PinBall\node_modules\karma-jasmine
233 info build C:\Users\Zteve\git\JsBreakout\PinBall\node_modules\karma-jasmine
234 info linkStuff karma-jasmine@0.3.6
235 silly linkStuff karma-jasmine@0.3.6 has C:\Users\Zteve\git\JsBreakout\PinBall\node_modules as its parent node_modules
236 verbose linkBins karma-jasmine@0.3.6
237 verbose linkMans karma-jasmine@0.3.6
238 verbose rebuildBundles karma-jasmine@0.3.6
239 info install karma-jasmine@0.3.6
240 info postinstall karma-jasmine@0.3.6
241 verbose readDependencies loading dependencies from C:\Users\Zteve\git\JsBreakout\PinBall\package.json
242 verbose targetResolver reading package data from C:\Users\Zteve\git\JsBreakout\PinBall\node_modules\grunt\package.json
243 verbose targetResolver reading package data from C:\Users\Zteve\git\JsBreakout\PinBall\node_modules\grunt-contrib-jshint\package.json
244 verbose targetResolver reading package data from C:\Users\Zteve\git\JsBreakout\PinBall\node_modules\grunt-contrib-nodeunit\package.json
245 verbose targetResolver reading package data from C:\Users\Zteve\git\JsBreakout\PinBall\node_modules\grunt-contrib-uglify\package.json
246 verbose targetResolver reading package data from C:\Users\Zteve\git\JsBreakout\PinBall\node_modules\grunt-include-source\package.json
247 verbose targetResolver reading package data from C:\Users\Zteve\git\JsBreakout\PinBall\node_modules\grunt-karma\package.json
248 verbose targetResolver reading package data from C:\Users\Zteve\git\JsBreakout\PinBall\node_modules\jasmine\package.json
249 verbose targetResolver reading package data from C:\Users\Zteve\git\JsBreakout\PinBall\node_modules\karma\package.json
250 verbose targetResolver reading package data from C:\Users\Zteve\git\JsBreakout\PinBall\node_modules\karma-firefox-launcher\package.json
251 verbose targetResolver reading package data from C:\Users\Zteve\git\JsBreakout\PinBall\node_modules\karma-jasmine\package.json
252 verbose targetResolver reading package data from C:\Users\Zteve\git\JsBreakout\PinBall\node_modules\karma-phantomjs-launcher\package.json
253 verbose targetResolver reading package data from C:\Users\Zteve\git\JsBreakout\PinBall\node_modules\phantomjs\package.json
254 verbose targetResolver reading package data from C:\Users\Zteve\git\JsBreakout\PinBall\node_modules\.bin\jasmine\package.json
255 verbose targetResolver reading package data from C:\Users\Zteve\git\JsBreakout\PinBall\node_modules\.bin\jasmine.cmd\package.json
256 verbose targetResolver reading package data from C:\Users\Zteve\git\JsBreakout\PinBall\node_modules\.bin\karma\package.json
257 verbose targetResolver reading package data from C:\Users\Zteve\git\JsBreakout\PinBall\node_modules\.bin\karma.cmd\package.json
258 verbose targetResolver reading package data from C:\Users\Zteve\git\JsBreakout\PinBall\node_modules\.bin\phantomjs\package.json
259 verbose targetResolver reading package data from C:\Users\Zteve\git\JsBreakout\PinBall\node_modules\.bin\phantomjs.cmd\package.json
260 silly cache add args [ 'jasmine-core@*', null ]
261 verbose cache add spec jasmine-core@*
262 silly cache add parsed spec Result {
262 silly cache add   raw: 'jasmine-core@*',
262 silly cache add   scope: null,
262 silly cache add   name: 'jasmine-core',
262 silly cache add   rawSpec: '*',
262 silly cache add   spec: '*',
262 silly cache add   type: 'range' }
263 silly addNamed jasmine-core@*
264 verbose addNamed "*" is a valid semver range for jasmine-core
265 silly addNameRange { name: 'jasmine-core', range: '*', hasData: false }
266 silly mapToRegistry name jasmine-core
267 silly mapToRegistry using default registry
268 silly mapToRegistry registry https://registry.npmjs.org/
269 silly mapToRegistry uri https://registry.npmjs.org/jasmine-core
270 verbose addNameRange registry:https://registry.npmjs.org/jasmine-core not in flight; fetching
271 verbose request uri https://registry.npmjs.org/jasmine-core
272 verbose request no auth needed
273 info attempt registry request try #1 at 19:05:53
274 verbose etag "BOWYZ4DOJWECYKV7JG6WOSNP0"
275 http request GET https://registry.npmjs.org/jasmine-core
276 http 304 https://registry.npmjs.org/jasmine-core
277 silly get cb [ 304,
277 silly get   { date: 'Sat, 17 Oct 2015 17:06:02 GMT',
277 silly get     via: '1.1 varnish',
277 silly get     'cache-control': 'max-age=60',
277 silly get     etag: '"BOWYZ4DOJWECYKV7JG6WOSNP0"',
277 silly get     age: '50',
277 silly get     connection: 'keep-alive',
277 silly get     'x-served-by': 'cache-fra1231-FRA',
277 silly get     'x-cache': 'HIT',
277 silly get     'x-cache-hits': '1',
277 silly get     'x-timer': 'S1445101562.037983,VS0,VE0',
277 silly get     vary: 'Accept' } ]
278 verbose etag https://registry.npmjs.org/jasmine-core from cache
279 verbose get saving jasmine-core to C:\Users\Zteve\AppData\Roaming\npm-cache\registry.npmjs.org\jasmine-core\.cache.json
280 silly addNameRange number 2 { name: 'jasmine-core', range: '*', hasData: true }
281 silly addNameRange versions [ 'jasmine-core',
281 silly addNameRange   [ '2.0.0',
281 silly addNameRange     '2.0.1',
281 silly addNameRange     '2.0.4',
281 silly addNameRange     '2.1.0',
281 silly addNameRange     '2.1.1',
281 silly addNameRange     '2.1.2',
281 silly addNameRange     '2.1.3',
281 silly addNameRange     '2.2.0',
281 silly addNameRange     '2.3.0',
281 silly addNameRange     '2.3.2',
281 silly addNameRange     '2.3.3',
281 silly addNameRange     '2.3.4' ] ]
282 silly addNamed jasmine-core@2.3.4
283 verbose addNamed "2.3.4" is a plain semver version for jasmine-core
284 silly cache afterAdd jasmine-core@2.3.4
285 verbose afterAdd C:\Users\Zteve\AppData\Roaming\npm-cache\jasmine-core\2.3.4\package\package.json not in flight; writing
286 verbose afterAdd C:\Users\Zteve\AppData\Roaming\npm-cache\jasmine-core\2.3.4\package\package.json written
287 silly install resolved [ { name: 'jasmine-core',
287 silly install resolved     license: 'MIT',
287 silly install resolved     version: '2.3.4',
287 silly install resolved     repository:
287 silly install resolved      { type: 'git',
287 silly install resolved        url: 'git+https://github.com/jasmine/jasmine.git' },
287 silly install resolved     keywords: [ 'test', 'jasmine', 'tdd', 'bdd' ],
287 silly install resolved     scripts: { test: 'grunt jshint execSpecsInNode' },
287 silly install resolved     description: 'Official packaging of Jasmine\'s core files for use by Node.js projects.',
287 silly install resolved     homepage: 'http://jasmine.github.io',
287 silly install resolved     main: './lib/jasmine-core.js',
287 silly install resolved     devDependencies:
287 silly install resolved      { glob: '~3.2.9',
287 silly install resolved        grunt: '~0.4.1',
287 silly install resolved        'grunt-cli': '^0.1.13',
287 silly install resolved        'grunt-contrib-compass': '~0.6.0',
287 silly install resolved        'grunt-contrib-compress': '~0.5.2',
287 silly install resolved        'grunt-contrib-concat': '~0.3.0',
287 silly install resolved        'grunt-contrib-jshint': '~0.7.0',
287 silly install resolved        jasmine: 'https://github.com/jasmine/jasmine-npm/archive/master.tar.gz',
287 silly install resolved        'load-grunt-tasks': '^0.4.0',
287 silly install resolved        shelljs: '~0.1.4',
287 silly install resolved        temp: '~0.8.1' },
287 silly install resolved     gitHead: '0b1449228ff42df47f4e18a186134f4aa44b8b7b',
287 silly install resolved     bugs: { url: 'https://github.com/jasmine/jasmine/issues' },
287 silly install resolved     _id: 'jasmine-core@2.3.4',
287 silly install resolved     _shasum: 'ad772662b32d16c564ee25c863edae1d65a038f2',
287 silly install resolved     _from: 'jasmine-core@*',
287 silly install resolved     _npmVersion: '2.5.1',
287 silly install resolved     _nodeVersion: '0.12.0',
287 silly install resolved     _npmUser: { name: 'slackersoft', email: 'gregg@slackersoft.net' },
287 silly install resolved     dist:
287 silly install resolved      { shasum: 'ad772662b32d16c564ee25c863edae1d65a038f2',
287 silly install resolved        tarball: 'http://registry.npmjs.org/jasmine-core/-/jasmine-core-2.3.4.tgz' },
287 silly install resolved     maintainers: [ [Object], [Object] ],
287 silly install resolved     directories: {},
287 silly install resolved     _resolved: 'https://registry.npmjs.org/jasmine-core/-/jasmine-core-2.3.4.tgz',
287 silly install resolved     readme: 'ERROR: No README data found!' } ]
288 info install jasmine-core@2.3.4 into C:\Users\Zteve\git\JsBreakout\PinBall
289 info installOne jasmine-core@2.3.4
290 verbose installOne of jasmine-core to C:\Users\Zteve\git\JsBreakout\PinBall not in flight; installing
291 verbose lock using C:\Users\Zteve\AppData\Roaming\npm-cache\_locks\jasmine-core-a9ab6d5a2a30f207.lock for C:\Users\Zteve\git\JsBreakout\PinBall\node_modules\jasmine-core
292 silly install write writing jasmine-core 2.3.4 to C:\Users\Zteve\git\JsBreakout\PinBall\node_modules\jasmine-core
293 verbose unbuild node_modules\jasmine-core
294 silly gentlyRm C:\Users\Zteve\git\JsBreakout\PinBall\node_modules\jasmine-core is being purged from base C:\Users\Zteve\git\JsBreakout\PinBall
295 verbose gentlyRm don't care about contents; nuking C:\Users\Zteve\git\JsBreakout\PinBall\node_modules\jasmine-core
296 verbose tar unpack C:\Users\Zteve\AppData\Roaming\npm-cache\jasmine-core\2.3.4\package.tgz
297 verbose tar unpacking to C:\Users\Zteve\git\JsBreakout\PinBall\node_modules\jasmine-core
298 silly gentlyRm C:\Users\Zteve\git\JsBreakout\PinBall\node_modules\jasmine-core is being purged
299 verbose gentlyRm don't care about contents; nuking C:\Users\Zteve\git\JsBreakout\PinBall\node_modules\jasmine-core
300 silly gunzTarPerm modes [ '777', '666' ]
301 silly gunzTarPerm extractEntry package.json
302 silly gunzTarPerm modified mode [ 'package.json', 420, 438 ]
303 silly gunzTarPerm extractEntry .npmignore
304 silly gunzTarPerm modified mode [ '.npmignore', 420, 438 ]
305 silly gunzTarPerm extractEntry README.md
306 silly gunzTarPerm modified mode [ 'README.md', 420, 438 ]
307 silly gunzTarPerm extractEntry CONTRIBUTING.md
308 silly gunzTarPerm modified mode [ 'CONTRIBUTING.md', 420, 438 ]
309 silly gunzTarPerm extractEntry GOALS_2.0.md
310 silly gunzTarPerm modified mode [ 'GOALS_2.0.md', 420, 438 ]
311 silly gunzTarPerm extractEntry MANIFEST.in
312 silly gunzTarPerm modified mode [ 'MANIFEST.in', 420, 438 ]
313 silly gunzTarPerm extractEntry MIT.LICENSE
314 silly gunzTarPerm modified mode [ 'MIT.LICENSE', 420, 438 ]
315 silly gunzTarPerm extractEntry RELEASE.md
316 silly gunzTarPerm modified mode [ 'RELEASE.md', 420, 438 ]
317 silly gunzTarPerm extractEntry bower.json
318 silly gunzTarPerm modified mode [ 'bower.json', 420, 438 ]
319 silly gunzTarPerm extractEntry images/jasmine-horizontal.png
320 silly gunzTarPerm modified mode [ 'images/jasmine-horizontal.png', 420, 438 ]
321 silly gunzTarPerm extractEntry images/jasmine-horizontal.svg
322 silly gunzTarPerm modified mode [ 'images/jasmine-horizontal.svg', 420, 438 ]
323 silly gunzTarPerm extractEntry images/jasmine_favicon.png
324 silly gunzTarPerm modified mode [ 'images/jasmine_favicon.png', 420, 438 ]
325 silly gunzTarPerm extractEntry lib/jasmine-core.js
326 silly gunzTarPerm modified mode [ 'lib/jasmine-core.js', 420, 438 ]
327 silly gunzTarPerm extractEntry lib/console/console.js
328 silly gunzTarPerm modified mode [ 'lib/console/console.js', 420, 438 ]
329 silly gunzTarPerm extractEntry lib/jasmine-core/boot.js
330 silly gunzTarPerm modified mode [ 'lib/jasmine-core/boot.js', 420, 438 ]
331 silly gunzTarPerm extractEntry lib/jasmine-core/jasmine-html.js
332 silly gunzTarPerm modified mode [ 'lib/jasmine-core/jasmine-html.js', 420, 438 ]
333 silly gunzTarPerm extractEntry lib/jasmine-core/jasmine.js
334 silly gunzTarPerm modified mode [ 'lib/jasmine-core/jasmine.js', 420, 438 ]
335 silly gunzTarPerm extractEntry lib/jasmine-core/json2.js
336 silly gunzTarPerm modified mode [ 'lib/jasmine-core/json2.js', 420, 438 ]
337 silly gunzTarPerm extractEntry lib/jasmine-core/node_boot.js
338 silly gunzTarPerm modified mode [ 'lib/jasmine-core/node_boot.js', 420, 438 ]
339 silly gunzTarPerm extractEntry lib/jasmine-core/example/node_example/lib/jasmine_examples/Player.js
340 silly gunzTarPerm modified mode [ 'lib/jasmine-core/example/node_example/lib/jasmine_examples/Player.js',
340 silly gunzTarPerm   420,
340 silly gunzTarPerm   438 ]
341 silly gunzTarPerm extractEntry lib/jasmine-core/example/node_example/lib/jasmine_examples/Song.js
342 silly gunzTarPerm modified mode [ 'lib/jasmine-core/example/node_example/lib/jasmine_examples/Song.js',
342 silly gunzTarPerm   420,
342 silly gunzTarPerm   438 ]
343 silly gunzTarPerm extractEntry lib/jasmine-core/example/node_example/spec/helpers/jasmine_examples/SpecHelper.js
344 silly gunzTarPerm modified mode [ 'lib/jasmine-core/example/node_example/spec/helpers/jasmine_examples/SpecHelper.js',
344 silly gunzTarPerm   420,
344 silly gunzTarPerm   438 ]
345 silly gunzTarPerm extractEntry lib/jasmine-core/example/node_example/spec/jasmine_examples/PlayerSpec.js
346 silly gunzTarPerm modified mode [ 'lib/jasmine-core/example/node_example/spec/jasmine_examples/PlayerSpec.js',
346 silly gunzTarPerm   420,
346 silly gunzTarPerm   438 ]
347 silly gunzTarPerm extractEntry lib/jasmine-core/example/spec/PlayerSpec.js
348 silly gunzTarPerm modified mode [ 'lib/jasmine-core/example/spec/PlayerSpec.js', 420, 438 ]
349 silly gunzTarPerm extractEntry lib/jasmine-core/example/spec/SpecHelper.js
350 silly gunzTarPerm modified mode [ 'lib/jasmine-core/example/spec/SpecHelper.js', 420, 438 ]
351 silly gunzTarPerm extractEntry lib/jasmine-core/example/src/Player.js
352 silly gunzTarPerm modified mode [ 'lib/jasmine-core/example/src/Player.js', 420, 438 ]
353 silly gunzTarPerm extractEntry lib/jasmine-core/example/src/Song.js
354 silly gunzTarPerm modified mode [ 'lib/jasmine-core/example/src/Song.js', 420, 438 ]
355 silly gunzTarPerm extractEntry lib/jasmine-core/jasmine.css
356 silly gunzTarPerm modified mode [ 'lib/jasmine-core/jasmine.css', 420, 438 ]
357 silly gunzTarPerm extractEntry requirements.txt
358 silly gunzTarPerm modified mode [ 'requirements.txt', 420, 438 ]
359 verbose write writing to C:\Users\Zteve\git\JsBreakout\PinBall\node_modules\jasmine-core\package.json
360 info preinstall jasmine-core@2.3.4
361 verbose readDependencies loading dependencies from C:\Users\Zteve\git\JsBreakout\PinBall\node_modules\jasmine-core\package.json
362 verbose readDependencies loading dependencies from C:\Users\Zteve\git\JsBreakout\PinBall\node_modules\jasmine-core\package.json
363 silly install resolved []
364 verbose about to build C:\Users\Zteve\git\JsBreakout\PinBall\node_modules\jasmine-core
365 info build C:\Users\Zteve\git\JsBreakout\PinBall\node_modules\jasmine-core
366 info linkStuff jasmine-core@2.3.4
367 silly linkStuff jasmine-core@2.3.4 has C:\Users\Zteve\git\JsBreakout\PinBall\node_modules as its parent node_modules
368 verbose linkBins jasmine-core@2.3.4
369 verbose linkMans jasmine-core@2.3.4
370 verbose rebuildBundles jasmine-core@2.3.4
371 info install jasmine-core@2.3.4
372 info postinstall jasmine-core@2.3.4
373 verbose unlock done using C:\Users\Zteve\AppData\Roaming\npm-cache\_locks\jasmine-core-a9ab6d5a2a30f207.lock for C:\Users\Zteve\git\JsBreakout\PinBall\node_modules\jasmine-core
374 verbose unlock done using C:\Users\Zteve\AppData\Roaming\npm-cache\_locks\karma-jasmine-0351b971e6198bd2.lock for C:\Users\Zteve\git\JsBreakout\PinBall\node_modules\karma-jasmine
375 info build C:\Users\Zteve\git\JsBreakout\PinBall
376 info linkStuff breakout@1.0.0
377 silly linkStuff breakout@1.0.0 has C:\Users\Zteve\git\JsBreakout as its parent node_modules
378 verbose linkBins breakout@1.0.0
379 verbose linkMans breakout@1.0.0
380 verbose rebuildBundles breakout@1.0.0
381 verbose rebuildBundles [ '.bin',
381 verbose rebuildBundles   'grunt',
381 verbose rebuildBundles   'grunt-contrib-jshint',
381 verbose rebuildBundles   'grunt-contrib-nodeunit',
381 verbose rebuildBundles   'grunt-contrib-uglify',
381 verbose rebuildBundles   'grunt-include-source',
381 verbose rebuildBundles   'grunt-karma',
381 verbose rebuildBundles   'jasmine',
381 verbose rebuildBundles   'jasmine-core',
381 verbose rebuildBundles   'karma',
381 verbose rebuildBundles   'karma-firefox-launcher',
381 verbose rebuildBundles   'karma-jasmine',
381 verbose rebuildBundles   'karma-phantomjs-launcher',
381 verbose rebuildBundles   'phantomjs' ]
382 verbose rebuild bundle C:\Users\Zteve\git\JsBreakout\PinBall\node_modules\jasmine
383 info build C:\Users\Zteve\git\JsBreakout\PinBall\node_modules\jasmine
384 info preinstall jasmine@2.3.2
385 info linkStuff jasmine@2.3.2
386 silly linkStuff jasmine@2.3.2 has C:\Users\Zteve\git\JsBreakout\PinBall\node_modules as its parent node_modules
387 verbose linkBins jasmine@2.3.2
388 verbose link bins [ { jasmine: './bin/jasmine.js' },
388 verbose link bins   'C:\\Users\\Zteve\\git\\JsBreakout\\PinBall\\node_modules\\.bin',
388 verbose link bins   false ]
389 verbose linkMans jasmine@2.3.2
390 verbose rebuildBundles jasmine@2.3.2
391 verbose rebuildBundles [ 'exit', 'glob', 'jasmine-core' ]
392 info install jasmine@2.3.2
393 info postinstall jasmine@2.3.2
394 verbose rebuild bundle C:\Users\Zteve\git\JsBreakout\PinBall\node_modules\karma
395 info build C:\Users\Zteve\git\JsBreakout\PinBall\node_modules\karma
396 info preinstall karma@0.13.11
397 info linkStuff karma@0.13.11
398 silly linkStuff karma@0.13.11 has C:\Users\Zteve\git\JsBreakout\PinBall\node_modules as its parent node_modules
399 verbose linkBins karma@0.13.11
400 verbose link bins [ { karma: './bin/karma' },
400 verbose link bins   'C:\\Users\\Zteve\\git\\JsBreakout\\PinBall\\node_modules\\.bin',
400 verbose link bins   false ]
401 verbose linkMans karma@0.13.11
402 verbose rebuildBundles karma@0.13.11
403 verbose rebuildBundles [ '.bin',
403 verbose rebuildBundles   'bluebird',
403 verbose rebuildBundles   'body-parser',
403 verbose rebuildBundles   'chokidar',
403 verbose rebuildBundles   'colors',
403 verbose rebuildBundles   'connect',
403 verbose rebuildBundles   'core-js',
403 verbose rebuildBundles   'di',
403 verbose rebuildBundles   'dom-serialize',
403 verbose rebuildBundles   'expand-braces',
403 verbose rebuildBundles   'glob',
403 verbose rebuildBundles   'graceful-fs',
403 verbose rebuildBundles   'http-proxy',
403 verbose rebuildBundles   'lodash',
403 verbose rebuildBundles   'log4js',
403 verbose rebuildBundles   'mime',
403 verbose rebuildBundles   'minimatch',
403 verbose rebuildBundles   'optimist',
403 verbose rebuildBundles   'rimraf',
403 verbose rebuildBundles   'socket.io',
403 verbose rebuildBundles   'source-map',
403 verbose rebuildBundles   'useragent' ]
404 info install karma@0.13.11
405 info postinstall karma@0.13.11
406 verbose rebuild bundle C:\Users\Zteve\git\JsBreakout\PinBall\node_modules\phantomjs
407 info build C:\Users\Zteve\git\JsBreakout\PinBall\node_modules\phantomjs
408 info preinstall phantomjs@1.9.18
409 info linkStuff phantomjs@1.9.18
410 silly linkStuff phantomjs@1.9.18 has C:\Users\Zteve\git\JsBreakout\PinBall\node_modules as its parent node_modules
411 verbose linkBins phantomjs@1.9.18
412 verbose link bins [ { phantomjs: './bin/phantomjs' },
412 verbose link bins   'C:\\Users\\Zteve\\git\\JsBreakout\\PinBall\\node_modules\\.bin',
412 verbose link bins   false ]
413 verbose linkMans phantomjs@1.9.18
414 verbose rebuildBundles phantomjs@1.9.18
415 verbose rebuildBundles [ '.bin',
415 verbose rebuildBundles   'adm-zip',
415 verbose rebuildBundles   'fs-extra',
415 verbose rebuildBundles   'kew',
415 verbose rebuildBundles   'npmconf',
415 verbose rebuildBundles   'progress',
415 verbose rebuildBundles   'request',
415 verbose rebuildBundles   'request-progress',
415 verbose rebuildBundles   'which' ]
416 info install phantomjs@1.9.18
417 verbose unsafe-perm in lifecycle true
418 info phantomjs@1.9.18 Failed to exec install script
419 verbose stack Error: phantomjs@1.9.18 install: `node install.js`
419 verbose stack Exit status 1
419 verbose stack     at EventEmitter.<anonymous> (C:\Program Files\nodejs\node_modules\npm\lib\utils\lifecycle.js:214:16)
419 verbose stack     at emitTwo (events.js:87:13)
419 verbose stack     at EventEmitter.emit (events.js:172:7)
419 verbose stack     at ChildProcess.<anonymous> (C:\Program Files\nodejs\node_modules\npm\lib\utils\spawn.js:24:14)
419 verbose stack     at emitTwo (events.js:87:13)
419 verbose stack     at ChildProcess.emit (events.js:172:7)
419 verbose stack     at maybeClose (internal/child_process.js:817:16)
419 verbose stack     at Process.ChildProcess._handle.onexit (internal/child_process.js:211:5)
420 verbose pkgid phantomjs@1.9.18
421 verbose cwd C:\Users\Zteve\git\JsBreakout\PinBall
422 error Windows_NT 6.1.7601
423 error argv "C:\\Program Files\\nodejs\\node.exe" "C:\\Program Files\\nodejs\\node_modules\\npm\\bin\\npm-cli.js" "install"
424 error node v4.1.0
425 error npm  v2.14.3
426 error code ELIFECYCLE
427 error phantomjs@1.9.18 install: `node install.js`
427 error Exit status 1
428 error Failed at the phantomjs@1.9.18 install script 'node install.js'.
428 error This is most likely a problem with the phantomjs package,
428 error not with npm itself.
428 error Tell the author that this fails on your system:
428 error     node install.js
428 error You can get their info via:
428 error     npm owner ls phantomjs
428 error There is likely additional logging output above.
429 verbose exit [ 1, true ]
